Determining if the pthread_create exist failed with the following output:
Change Dir: /home/pi/hornybox_v2/build/CMakeFiles/CMakeTmp

Run Build Command:"/usr/bin/make" "cmTC_284e6/fast"
/usr/bin/make -f CMakeFiles/cmTC_284e6.dir/build.make CMakeFiles/cmTC_284e6.dir/build
make[1]: Entering directory '/home/pi/hornybox_v2/build/CMakeFiles/CMakeTmp'
Building C object CMakeFiles/cmTC_284e6.dir/CheckSymbolExists.c.o
/usr/bin/cc    -o CMakeFiles/cmTC_284e6.dir/CheckSymbolExists.c.o   -c /home/pi/hornybox_v2/build/CMakeFiles/CMakeTmp/CheckSymbolExists.c
Linking C executable cmTC_284e6
/usr/bin/cmake -E cmake_link_script CMakeFiles/cmTC_284e6.dir/link.txt --verbose=1
/usr/bin/cc      CMakeFiles/cmTC_284e6.dir/CheckSymbolExists.c.o  -o cmTC_284e6 
/usr/bin/ld: CMakeFiles/cmTC_284e6.dir/CheckSymbolExists.c.o: in function `main':
CheckSymbolExists.c:(.text+0x38): undefined reference to `pthread_create'
collect2: error: ld returned 1 exit status
make[1]: *** [CMakeFiles/cmTC_284e6.dir/build.make:87: cmTC_284e6] Error 1
make[1]: Leaving directory '/home/pi/hornybox_v2/build/CMakeFiles/CMakeTmp'
make: *** [Makefile:121: cmTC_284e6/fast] Error 2

File /home/pi/hornybox_v2/build/CMakeFiles/CMakeTmp/CheckSymbolExists.c:
/* */
#include <pthread.h>

int main(int argc, char** argv)
{
  (void)argv;
#ifndef pthread_create
  return ((int*)(&pthread_create))[argc];
#else
  (void)argc;
  return 0;
#endif
}

Determining if the pthread_create exist failed with the following output:
Change Dir: /home/pi/hornybox_v2/build/CMakeFiles/CMakeTmp

Run Build Command:"/usr/bin/make" "cmTC_a6006/fast"
/usr/bin/make -f CMakeFiles/cmTC_a6006.dir/build.make CMakeFiles/cmTC_a6006.dir/build
make[1]: Entering directory '/home/pi/hornybox_v2/build/CMakeFiles/CMakeTmp'
Building C object CMakeFiles/cmTC_a6006.dir/CheckSymbolExists.c.o
/usr/bin/cc    -o CMakeFiles/cmTC_a6006.dir/CheckSymbolExists.c.o   -c /home/pi/hornybox_v2/build/CMakeFiles/CMakeTmp/CheckSymbolExists.c
Linking C executable cmTC_a6006
/usr/bin/cmake -E cmake_link_script CMakeFiles/cmTC_a6006.dir/link.txt --verbose=1
/usr/bin/cc      CMakeFiles/cmTC_a6006.dir/CheckSymbolExists.c.o  -o cmTC_a6006 
/usr/bin/ld: CMakeFiles/cmTC_a6006.dir/CheckSymbolExists.c.o: in function `main':
CheckSymbolExists.c:(.text+0x38): undefined reference to `pthread_create'
collect2: error: ld returned 1 exit status
make[1]: *** [CMakeFiles/cmTC_a6006.dir/build.make:87: cmTC_a6006] Error 1
make[1]: Leaving directory '/home/pi/hornybox_v2/build/CMakeFiles/CMakeTmp'
make: *** [Makefile:121: cmTC_a6006/fast] Error 2

File /home/pi/hornybox_v2/build/CMakeFiles/CMakeTmp/CheckSymbolExists.c:
/* */
#include <pthread.h>

int main(int argc, char** argv)
{
  (void)argv;
#ifndef pthread_create
  return ((int*)(&pthread_create))[argc];
#else
  (void)argc;
  return 0;
#endif
}

Determining if the pthread_create exist failed with the following output:
Change Dir: /home/pi/hornybox_v2/build/CMakeFiles/CMakeTmp

Run Build Command:"/usr/bin/make" "cmTC_8639d/fast"
/usr/bin/make -f CMakeFiles/cmTC_8639d.dir/build.make CMakeFiles/cmTC_8639d.dir/build
make[1]: Entering directory '/home/pi/hornybox_v2/build/CMakeFiles/CMakeTmp'
Building C object CMakeFiles/cmTC_8639d.dir/CheckSymbolExists.c.o
/usr/bin/cc    -o CMakeFiles/cmTC_8639d.dir/CheckSymbolExists.c.o   -c /home/pi/hornybox_v2/build/CMakeFiles/CMakeTmp/CheckSymbolExists.c
Linking C executable cmTC_8639d
/usr/bin/cmake -E cmake_link_script CMakeFiles/cmTC_8639d.dir/link.txt --verbose=1
/usr/bin/cc      CMakeFiles/cmTC_8639d.dir/CheckSymbolExists.c.o  -o cmTC_8639d 
/usr/bin/ld: CMakeFiles/cmTC_8639d.dir/CheckSymbolExists.c.o: in function `main':
CheckSymbolExists.c:(.text+0x38): undefined reference to `pthread_create'
collect2: error: ld returned 1 exit status
make[1]: *** [CMakeFiles/cmTC_8639d.dir/build.make:87: cmTC_8639d] Error 1
make[1]: Leaving directory '/home/pi/hornybox_v2/build/CMakeFiles/CMakeTmp'
make: *** [Makefile:121: cmTC_8639d/fast] Error 2

File /home/pi/hornybox_v2/build/CMakeFiles/CMakeTmp/CheckSymbolExists.c:
/* */
#include <pthread.h>

int main(int argc, char** argv)
{
  (void)argv;
#ifndef pthread_create
  return ((int*)(&pthread_create))[argc];
#else
  (void)argc;
  return 0;
#endif
}

Determining if the pthread_create exist failed with the following output:
Change Dir: /home/pi/hornybox_v2/build/CMakeFiles/CMakeTmp

Run Build Command:"/usr/bin/make" "cmTC_a0723/fast"
/usr/bin/make -f CMakeFiles/cmTC_a0723.dir/build.make CMakeFiles/cmTC_a0723.dir/build
make[1]: Entering directory '/home/pi/hornybox_v2/build/CMakeFiles/CMakeTmp'
Building C object CMakeFiles/cmTC_a0723.dir/CheckSymbolExists.c.o
/usr/bin/cc    -o CMakeFiles/cmTC_a0723.dir/CheckSymbolExists.c.o   -c /home/pi/hornybox_v2/build/CMakeFiles/CMakeTmp/CheckSymbolExists.c
Linking C executable cmTC_a0723
/usr/bin/cmake -E cmake_link_script CMakeFiles/cmTC_a0723.dir/link.txt --verbose=1
/usr/bin/cc      CMakeFiles/cmTC_a0723.dir/CheckSymbolExists.c.o  -o cmTC_a0723 
/usr/bin/ld: CMakeFiles/cmTC_a0723.dir/CheckSymbolExists.c.o: in function `main':
CheckSymbolExists.c:(.text+0x38): undefined reference to `pthread_create'
collect2: error: ld returned 1 exit status
make[1]: *** [CMakeFiles/cmTC_a0723.dir/build.make:87: cmTC_a0723] Error 1
make[1]: Leaving directory '/home/pi/hornybox_v2/build/CMakeFiles/CMakeTmp'
make: *** [Makefile:121: cmTC_a0723/fast] Error 2

File /home/pi/hornybox_v2/build/CMakeFiles/CMakeTmp/CheckSymbolExists.c:
/* */
#include <pthread.h>

int main(int argc, char** argv)
{
  (void)argv;
#ifndef pthread_create
  return ((int*)(&pthread_create))[argc];
#else
  (void)argc;
  return 0;
#endif
}

